CRITICAL - 2024-04-21 17:23:43 --> ErrorException: Undefined array key "siswa_nama"
[Method: GET, Route: nilai]
in APPPATH\Views\nilai\index.php on line 22.
 1 APPPATH\Views\nilai\index.php(22): CodeIgniter\Debug\Exceptions->errorHandler(2, 'Undefined array key "siswa_nama"', 'C:\\laragon\\www\\6-sekolah-ci4\\app\\Views\\nilai\\index.php', 22)
 2 SYSTEMPATH\View\View.php(234): include('C:\\laragon\\www\\6-sekolah-ci4\\app\\Views\\nilai\\index.php')
 3 SYSTEMPATH\View\View.php(237): CodeIgniter\View\View->CodeIgniter\View\{closure}()
 4 SYSTEMPATH\Common.php(1171): CodeIgniter\View\View->render('nilai/index', [], true)
 5 APPPATH\Controllers\Nilai.php(26): view('nilai/index', [...])
 6 SYSTEMPATH\CodeIgniter.php(933): App\Controllers\Nilai->index()
 7 SYSTEMPATH\CodeIgniter.php(509): CodeIgniter\CodeIgniter->runController(Object(App\Controllers\Nilai))
 8 SYSTEMPATH\CodeIgniter.php(355): CodeIgniter\CodeIgniter->handleRequest(null, Object(Config\Cache), false)
 9 SYSTEMPATH\Boot.php(312): CodeIgniter\CodeIgniter->run()
10 SYSTEMPATH\Boot.php(67): CodeIgniter\Boot::runCodeIgniter(Object(CodeIgniter\CodeIgniter))
11 FCPATH\index.php(56): CodeIgniter\Boot::bootWeb(Object(Config\Paths))
12 SYSTEMPATH\Commands\Server\rewrite.php(49): require_once('C:\\laragon\\www\\6-sekolah-ci4\\public\\index.php')
CRITICAL - 2024-04-21 17:27:25 --> ErrorException: Undefined array key "siswa"
[Method: GET, Route: nilai]
in APPPATH\Views\nilai\index.php on line 22.
 1 APPPATH\Views\nilai\index.php(22): CodeIgniter\Debug\Exceptions->errorHandler(2, 'Undefined array key "siswa"', 'C:\\laragon\\www\\6-sekolah-ci4\\app\\Views\\nilai\\index.php', 22)
 2 SYSTEMPATH\View\View.php(234): include('C:\\laragon\\www\\6-sekolah-ci4\\app\\Views\\nilai\\index.php')
 3 SYSTEMPATH\View\View.php(237): CodeIgniter\View\View->CodeIgniter\View\{closure}()
 4 SYSTEMPATH\Common.php(1171): CodeIgniter\View\View->render('nilai/index', [], true)
 5 APPPATH\Controllers\Nilai.php(31): view('nilai/index', [...])
 6 SYSTEMPATH\CodeIgniter.php(933): App\Controllers\Nilai->index()
 7 SYSTEMPATH\CodeIgniter.php(509): CodeIgniter\CodeIgniter->runController(Object(App\Controllers\Nilai))
 8 SYSTEMPATH\CodeIgniter.php(355): CodeIgniter\CodeIgniter->handleRequest(null, Object(Config\Cache), false)
 9 SYSTEMPATH\Boot.php(312): CodeIgniter\CodeIgniter->run()
10 SYSTEMPATH\Boot.php(67): CodeIgniter\Boot::runCodeIgniter(Object(CodeIgniter\CodeIgniter))
11 FCPATH\index.php(56): CodeIgniter\Boot::bootWeb(Object(Config\Paths))
12 SYSTEMPATH\Commands\Server\rewrite.php(49): require_once('C:\\laragon\\www\\6-sekolah-ci4\\public\\index.php')
CRITICAL - 2024-04-21 17:27:31 --> ErrorException: Undefined array key "siswa"
[Method: GET, Route: nilai]
in APPPATH\Views\nilai\index.php on line 22.
 1 APPPATH\Views\nilai\index.php(22): CodeIgniter\Debug\Exceptions->errorHandler(2, 'Undefined array key "siswa"', 'C:\\laragon\\www\\6-sekolah-ci4\\app\\Views\\nilai\\index.php', 22)
 2 SYSTEMPATH\View\View.php(234): include('C:\\laragon\\www\\6-sekolah-ci4\\app\\Views\\nilai\\index.php')
 3 SYSTEMPATH\View\View.php(237): CodeIgniter\View\View->CodeIgniter\View\{closure}()
 4 SYSTEMPATH\Common.php(1171): CodeIgniter\View\View->render('nilai/index', [], true)
 5 APPPATH\Controllers\Nilai.php(31): view('nilai/index', [...])
 6 SYSTEMPATH\CodeIgniter.php(933): App\Controllers\Nilai->index()
 7 SYSTEMPATH\CodeIgniter.php(509): CodeIgniter\CodeIgniter->runController(Object(App\Controllers\Nilai))
 8 SYSTEMPATH\CodeIgniter.php(355): CodeIgniter\CodeIgniter->handleRequest(null, Object(Config\Cache), false)
 9 SYSTEMPATH\Boot.php(312): CodeIgniter\CodeIgniter->run()
10 SYSTEMPATH\Boot.php(67): CodeIgniter\Boot::runCodeIgniter(Object(CodeIgniter\CodeIgniter))
11 FCPATH\index.php(56): CodeIgniter\Boot::bootWeb(Object(Config\Paths))
12 SYSTEMPATH\Commands\Server\rewrite.php(49): require_once('C:\\laragon\\www\\6-sekolah-ci4\\public\\index.php')
CRITICAL - 2024-04-21 17:29:16 --> ErrorException: Undefined array key "siswa"
[Method: GET, Route: nilai]
in APPPATH\Views\nilai\index.php on line 22.
 1 APPPATH\Views\nilai\index.php(22): CodeIgniter\Debug\Exceptions->errorHandler(2, 'Undefined array key "siswa"', 'C:\\laragon\\www\\6-sekolah-ci4\\app\\Views\\nilai\\index.php', 22)
 2 SYSTEMPATH\View\View.php(234): include('C:\\laragon\\www\\6-sekolah-ci4\\app\\Views\\nilai\\index.php')
 3 SYSTEMPATH\View\View.php(237): CodeIgniter\View\View->CodeIgniter\View\{closure}()
 4 SYSTEMPATH\Common.php(1171): CodeIgniter\View\View->render('nilai/index', [], true)
 5 APPPATH\Controllers\Nilai.php(31): view('nilai/index', [...])
 6 SYSTEMPATH\CodeIgniter.php(933): App\Controllers\Nilai->index()
 7 SYSTEMPATH\CodeIgniter.php(509): CodeIgniter\CodeIgniter->runController(Object(App\Controllers\Nilai))
 8 SYSTEMPATH\CodeIgniter.php(355): CodeIgniter\CodeIgniter->handleRequest(null, Object(Config\Cache), false)
 9 SYSTEMPATH\Boot.php(312): CodeIgniter\CodeIgniter->run()
10 SYSTEMPATH\Boot.php(67): CodeIgniter\Boot::runCodeIgniter(Object(CodeIgniter\CodeIgniter))
11 FCPATH\index.php(56): CodeIgniter\Boot::bootWeb(Object(Config\Paths))
12 SYSTEMPATH\Commands\Server\rewrite.php(49): require_once('C:\\laragon\\www\\6-sekolah-ci4\\public\\index.php')
CRITICAL - 2024-04-21 17:29:17 --> ErrorException: Undefined array key "siswa"
[Method: GET, Route: nilai]
in APPPATH\Views\nilai\index.php on line 22.
 1 APPPATH\Views\nilai\index.php(22): CodeIgniter\Debug\Exceptions->errorHandler(2, 'Undefined array key "siswa"', 'C:\\laragon\\www\\6-sekolah-ci4\\app\\Views\\nilai\\index.php', 22)
 2 SYSTEMPATH\View\View.php(234): include('C:\\laragon\\www\\6-sekolah-ci4\\app\\Views\\nilai\\index.php')
 3 SYSTEMPATH\View\View.php(237): CodeIgniter\View\View->CodeIgniter\View\{closure}()
 4 SYSTEMPATH\Common.php(1171): CodeIgniter\View\View->render('nilai/index', [], true)
 5 APPPATH\Controllers\Nilai.php(31): view('nilai/index', [...])
 6 SYSTEMPATH\CodeIgniter.php(933): App\Controllers\Nilai->index()
 7 SYSTEMPATH\CodeIgniter.php(509): CodeIgniter\CodeIgniter->runController(Object(App\Controllers\Nilai))
 8 SYSTEMPATH\CodeIgniter.php(355): CodeIgniter\CodeIgniter->handleRequest(null, Object(Config\Cache), false)
 9 SYSTEMPATH\Boot.php(312): CodeIgniter\CodeIgniter->run()
10 SYSTEMPATH\Boot.php(67): CodeIgniter\Boot::runCodeIgniter(Object(CodeIgniter\CodeIgniter))
11 FCPATH\index.php(56): CodeIgniter\Boot::bootWeb(Object(Config\Paths))
12 SYSTEMPATH\Commands\Server\rewrite.php(49): require_once('C:\\laragon\\www\\6-sekolah-ci4\\public\\index.php')
CRITICAL - 2024-04-21 17:34:32 --> Error: Call to undefined function form_open()
[Method: GET, Route: siswa/create]
in APPPATH\Views\siswa\create.php on line 6.
 1 SYSTEMPATH\View\View.php(234): include()
 2 SYSTEMPATH\View\View.php(237): CodeIgniter\View\View->CodeIgniter\View\{closure}()
 3 SYSTEMPATH\Common.php(1171): CodeIgniter\View\View->render('siswa/create', [], true)
 4 APPPATH\Controllers\Siswa.php(25): view('siswa/create')
 5 SYSTEMPATH\CodeIgniter.php(933): App\Controllers\Siswa->create()
 6 SYSTEMPATH\CodeIgniter.php(509): CodeIgniter\CodeIgniter->runController(Object(App\Controllers\Siswa))
 7 SYSTEMPATH\CodeIgniter.php(355): CodeIgniter\CodeIgniter->handleRequest(null, Object(Config\Cache), false)
 8 SYSTEMPATH\Boot.php(312): CodeIgniter\CodeIgniter->run()
 9 SYSTEMPATH\Boot.php(67): CodeIgniter\Boot::runCodeIgniter(Object(CodeIgniter\CodeIgniter))
10 FCPATH\index.php(56): CodeIgniter\Boot::bootWeb(Object(Config\Paths))
11 SYSTEMPATH\Commands\Server\rewrite.php(49): require_once('C:\\laragon\\www\\6-sekolah-ci4\\public\\index.php')
CRITICAL - 2024-04-21 17:34:36 --> Error: Call to undefined function form_open()
[Method: GET, Route: siswa/create]
in APPPATH\Views\siswa\create.php on line 6.
 1 SYSTEMPATH\View\View.php(234): include()
 2 SYSTEMPATH\View\View.php(237): CodeIgniter\View\View->CodeIgniter\View\{closure}()
 3 SYSTEMPATH\Common.php(1171): CodeIgniter\View\View->render('siswa/create', [], true)
 4 APPPATH\Controllers\Siswa.php(25): view('siswa/create')
 5 SYSTEMPATH\CodeIgniter.php(933): App\Controllers\Siswa->create()
 6 SYSTEMPATH\CodeIgniter.php(509): CodeIgniter\CodeIgniter->runController(Object(App\Controllers\Siswa))
 7 SYSTEMPATH\CodeIgniter.php(355): CodeIgniter\CodeIgniter->handleRequest(null, Object(Config\Cache), false)
 8 SYSTEMPATH\Boot.php(312): CodeIgniter\CodeIgniter->run()
 9 SYSTEMPATH\Boot.php(67): CodeIgniter\Boot::runCodeIgniter(Object(CodeIgniter\CodeIgniter))
10 FCPATH\index.php(56): CodeIgniter\Boot::bootWeb(Object(Config\Paths))
11 SYSTEMPATH\Commands\Server\rewrite.php(49): require_once('C:\\laragon\\www\\6-sekolah-ci4\\public\\index.php')
CRITICAL - 2024-04-21 23:17:32 --> Error: Call to undefined function form_open()
[Method: GET, Route: siswa/create]
in APPPATH\Views\siswa\create.php on line 6.
 1 SYSTEMPATH\View\View.php(234): include()
 2 SYSTEMPATH\View\View.php(237): CodeIgniter\View\View->CodeIgniter\View\{closure}()
 3 SYSTEMPATH\Common.php(1171): CodeIgniter\View\View->render('siswa/create', [], true)
 4 APPPATH\Controllers\Siswa.php(25): view('siswa/create')
 5 SYSTEMPATH\CodeIgniter.php(933): App\Controllers\Siswa->create()
 6 SYSTEMPATH\CodeIgniter.php(509): CodeIgniter\CodeIgniter->runController(Object(App\Controllers\Siswa))
 7 SYSTEMPATH\CodeIgniter.php(355): CodeIgniter\CodeIgniter->handleRequest(null, Object(Config\Cache), false)
 8 SYSTEMPATH\Boot.php(312): CodeIgniter\CodeIgniter->run()
 9 SYSTEMPATH\Boot.php(67): CodeIgniter\Boot::runCodeIgniter(Object(CodeIgniter\CodeIgniter))
10 FCPATH\index.php(56): CodeIgniter\Boot::bootWeb(Object(Config\Paths))
11 SYSTEMPATH\Commands\Server\rewrite.php(49): require_once('C:\\laragon\\www\\6-sekolah-ci4\\public\\index.php')
INFO - 2024-04-21 23:23:05 --> CSRF token verified.
INFO - 2024-04-21 23:33:00 --> CSRF token verified.
CRITICAL - 2024-04-21 23:34:30 --> ErrorException: Undefined variable $s
[Method: GET, Route: guru]
in APPPATH\Views\guru\index.php on line 25.
 1 APPPATH\Views\guru\index.php(25): CodeIgniter\Debug\Exceptions->errorHandler(2, 'Undefined variable $s', 'C:\\laragon\\www\\6-sekolah-ci4\\app\\Views\\guru\\index.php', 25)
 2 SYSTEMPATH\View\View.php(234): include('C:\\laragon\\www\\6-sekolah-ci4\\app\\Views\\guru\\index.php')
 3 SYSTEMPATH\View\View.php(237): CodeIgniter\View\View->CodeIgniter\View\{closure}()
 4 SYSTEMPATH\Common.php(1171): CodeIgniter\View\View->render('guru/index', [], true)
 5 APPPATH\Controllers\Guru.php(22): view('guru/index', [...])
 6 SYSTEMPATH\CodeIgniter.php(933): App\Controllers\Guru->index()
 7 SYSTEMPATH\CodeIgniter.php(509): CodeIgniter\CodeIgniter->runController(Object(App\Controllers\Guru))
 8 SYSTEMPATH\CodeIgniter.php(355): CodeIgniter\CodeIgniter->handleRequest(null, Object(Config\Cache), false)
 9 SYSTEMPATH\Boot.php(312): CodeIgniter\CodeIgniter->run()
10 SYSTEMPATH\Boot.php(67): CodeIgniter\Boot::runCodeIgniter(Object(CodeIgniter\CodeIgniter))
11 FCPATH\index.php(56): CodeIgniter\Boot::bootWeb(Object(Config\Paths))
12 SYSTEMPATH\Commands\Server\rewrite.php(49): require_once('C:\\laragon\\www\\6-sekolah-ci4\\public\\index.php')
INFO - 2024-04-21 23:35:28 --> CSRF token verified.
INFO - 2024-04-21 23:35:36 --> CSRF token verified.
INFO - 2024-04-21 23:37:31 --> CSRF token verified.
CRITICAL - 2024-04-21 23:37:33 --> ErrorException: Undefined array key "siswa"
[Method: GET, Route: nilai/read/4]
in APPPATH\Views\nilai\read.php on line 11.
 1 APPPATH\Views\nilai\read.php(11): CodeIgniter\Debug\Exceptions->errorHandler(2, 'Undefined array key "siswa"', 'C:\\laragon\\www\\6-sekolah-ci4\\app\\Views\\nilai\\read.php', 11)
 2 SYSTEMPATH\View\View.php(234): include('C:\\laragon\\www\\6-sekolah-ci4\\app\\Views\\nilai\\read.php')
 3 SYSTEMPATH\View\View.php(237): CodeIgniter\View\View->CodeIgniter\View\{closure}()
 4 SYSTEMPATH\Common.php(1171): CodeIgniter\View\View->render('nilai/read', [], true)
 5 APPPATH\Controllers\Nilai.php(53): view('nilai/read', [...])
 6 SYSTEMPATH\CodeIgniter.php(933): App\Controllers\Nilai->read('4')
 7 SYSTEMPATH\CodeIgniter.php(509): CodeIgniter\CodeIgniter->runController(Object(App\Controllers\Nilai))
 8 SYSTEMPATH\CodeIgniter.php(355): CodeIgniter\CodeIgniter->handleRequest(null, Object(Config\Cache), false)
 9 SYSTEMPATH\Boot.php(312): CodeIgniter\CodeIgniter->run()
10 SYSTEMPATH\Boot.php(67): CodeIgniter\Boot::runCodeIgniter(Object(CodeIgniter\CodeIgniter))
11 FCPATH\index.php(56): CodeIgniter\Boot::bootWeb(Object(Config\Paths))
12 SYSTEMPATH\Commands\Server\rewrite.php(49): require_once('C:\\laragon\\www\\6-sekolah-ci4\\public\\index.php')
INFO - 2024-04-21 23:41:01 --> CSRF token verified.
